IQ-TREE multicore version 2.2.0-beta COVID-edition for Linux 64-bit built Mar  3 2022 built Mar  3 2022
Developed by Bui Quang Minh, James Barbetti, Nguyen Lam Tung,
Olga Chernomor, Heiko Schmidt, Dominik Schrempf, Michael Woodhams, Ly Trong Nhan.

Host:    x01 (AVX512, FMA3, 502 GB RAM)
Command: iqtree2 -s 112.rDNA_multi.mfa -p 112_multi.partitions.nex -nt AUTO -pre 112.rDNA_multi.partitioned -B 1000 -m MFP+MERGE
Seed:    359693 (Using SPRNG - Scalable Parallel Random Number Generator)
Time:    Fri Jun 10 23:15:53 2022
Kernel:  AVX+FMA - auto-detect threads (6 CPU cores detected)

Reading partition model file 112_multi.partitions.nex ...
Reading alignment file 112.rDNA_multi.mfa ... Fasta format detected
Reading fasta file: done in 0.00029529 secs using 61.3% CPU
Alignment most likely contains DNA/RNA sequences
Constructing alignment: done in 0.000474648 secs using 73.95% CPU
Alignment has 23 sequences with 800 columns, 377 distinct patterns
206 parsimony-informative, 99 singleton sites, 495 constant sites
                 Gap/Ambiguity  Composition  p-value
Analyzing sequences: done in 2.91476e-05 secs using 85.77% CPU
   1  MH863143.1        11.00%    passed     42.98%
   2  LaloCPC35996      25.37%    passed     39.73%
   3  AcauCBS45767      30.12%    passed     51.27%
   4  KpetCBS726.95     24.00%    passed     98.74%
   5  KtsuFMR10621      33.25%    passed     97.06%
   6  KvatCBS139722     24.25%    passed     78.81%
   7  KendUAMH10396     31.62%    passed     66.57%
   8  KcalCGMCC317222   31.75%    passed     95.65%
   9  AtroCBS134926     22.50%    passed     89.34%
  10  LcatCGMCC31408    30.75%    passed     78.17%
  11  AtarCBS127021     30.25%    passed     76.19%
  12  LgutM1            26.38%    passed     29.52%
  13  AfulCBS136243     30.00%    passed     75.97%
  14  KmarCBS139726     32.25%    passed     99.90%
  15  JES112            33.75%    passed     89.33%
  16  KcryDAOM21655     22.25%    passed     93.26%
  17  KepiCBS120353     32.62%    passed     59.91%
  18  KF777182          18.75%    passed     79.10%
  19  EderCBS201735     18.75%    passed     78.21%
  20  KmedCBS129721     28.38%    passed     95.74%
  21  KperCBS88595      22.38%    passed     99.67%
  22  MW798187.1        24.88%    passed     73.51%
  23  KkarCBS139720     18.00%    passed     92.22%
****  TOTAL             26.23%  0 sequences failed composition chi2 test (p-value<5%; df=3)

Loading 5 partitions...
ERROR: Too large site ID

------------- EXCEPTION -------------
MSG: Could not read file '112.rDNA_multi.partitioned.treefile': No such file or directory
STACK Bio::Root::IO::_initialize_io /bigdata/stajichlab/shared/condaenv/phyling/lib/perl5/site_perl/Bio/Root/IO.pm:272
STACK Bio::TreeIO::_initialize /bigdata/stajichlab/shared/condaenv/phyling/lib/perl5/site_perl/Bio/TreeIO.pm:233
STACK Bio::TreeIO::newick::_initialize /bigdata/stajichlab/shared/condaenv/phyling/lib/perl5/site_perl/Bio/TreeIO/newick.pm:96
STACK Bio::TreeIO::new /bigdata/stajichlab/shared/condaenv/phyling/lib/perl5/site_perl/Bio/TreeIO.pm:122
STACK Bio::TreeIO::new /bigdata/stajichlab/shared/condaenv/phyling/lib/perl5/site_perl/Bio/TreeIO.pm:133
STACK toplevel PHYling_unified/util/rename_tree_nodes.pl:10
-------------------------------------

